[2025-08-25T20:46:48.424Z] [INFO] Database synchronized 
[2025-08-25T20:46:48.583Z] [INFO] Admin user created successfully 
[2025-08-25T20:46:48.609Z] [INFO] Category 'Electronics' created successfully 
[2025-08-25T20:46:48.620Z] [INFO] Category 'Clothing' created successfully 
[2025-08-25T20:46:48.628Z] [INFO] Category 'Books' created successfully 
[2025-08-25T20:46:48.645Z] [INFO] Category 'Home & Kitchen' created successfully 
[2025-08-25T20:46:48.656Z] [INFO] Category 'Sports & Outdoors' created successfully 
[2025-08-25T20:46:48.694Z] [INFO] Product 'Smartphone X' created successfully 
[2025-08-25T20:46:48.711Z] [INFO] Product 'Laptop Pro' created successfully 
[2025-08-25T20:46:48.724Z] [INFO] Product 'Wireless Headphones' created successfully 
[2025-08-25T20:46:48.740Z] [INFO] Product 'Men's T-Shirt' created successfully 
[2025-08-25T20:46:48.755Z] [INFO] Product 'Women's Jeans' created successfully 
[2025-08-25T20:46:48.767Z] [INFO] Product 'Programming Guide' created successfully 
[2025-08-25T20:46:48.782Z] [INFO] Product 'Coffee Maker' created successfully 
[2025-08-25T22:23:41.272Z] [INFO] Database synchronized 
[2025-08-25T22:23:41.511Z] [INFO] Admin user created successfully 
[2025-08-25T22:23:41.687Z] [INFO] Category 'Electronics' created successfully 
[2025-08-25T22:23:42.056Z] [INFO] Category 'Clothing' created successfully 
[2025-08-25T22:23:42.264Z] [INFO] Category 'Books' created successfully 
[2025-08-25T22:23:42.335Z] [INFO] Category 'Home & Kitchen' created successfully 
[2025-08-25T22:23:42.457Z] [INFO] Category 'Sports & Outdoors' created successfully 
[2025-08-25T22:23:42.508Z] [INFO] Product 'Smartphone X' created successfully 
[2025-08-25T22:23:42.534Z] [INFO] Product 'Laptop Pro' created successfully 
[2025-08-25T22:23:42.568Z] [INFO] Product 'Wireless Headphones' created successfully 
[2025-08-25T22:23:42.598Z] [INFO] Product 'Men's T-Shirt' created successfully 
[2025-08-25T22:23:42.629Z] [INFO] Product 'Women's Jeans' created successfully 
[2025-08-25T22:23:42.663Z] [INFO] Product 'Programming Guide' created successfully 
[2025-08-25T22:23:42.696Z] [INFO] Product 'Coffee Maker' created successfully 
[2025-08-25T22:39:39.802Z] [INFO] Database synchronized 
[2025-08-25T22:39:39.966Z] [INFO] Admin user created successfully 
[2025-08-25T22:39:39.988Z] [INFO] Category 'Electronics' created successfully 
[2025-08-25T22:39:40.005Z] [INFO] Category 'Clothing' created successfully 
[2025-08-25T22:39:40.016Z] [INFO] Category 'Books' created successfully 
[2025-08-25T22:39:40.027Z] [INFO] Category 'Home & Kitchen' created successfully 
[2025-08-25T22:39:40.039Z] [INFO] Category 'Sports & Outdoors' created successfully 
[2025-08-25T22:39:40.085Z] [INFO] Product 'Smartphone X' created successfully with SKU: SPHONE-001 
[2025-08-25T22:39:40.096Z] [INFO] Product 'Laptop Pro' created successfully with SKU: LAPTOP-001 
[2025-08-25T22:39:40.108Z] [INFO] Product 'Wireless Headphones' created successfully with SKU: HEAD-001 
[2025-08-25T22:39:40.133Z] [INFO] Product 'Men's T-Shirt' created successfully with SKU: TSHIRT-M-001 
[2025-08-25T22:39:40.151Z] [INFO] Product 'Women's Jeans' created successfully with SKU: JEANS-W-001 
[2025-08-25T22:39:40.172Z] [INFO] Product 'Programming Guide' created successfully with SKU: BOOK-PROG-001 
[2025-08-25T22:39:40.187Z] [INFO] Product 'Coffee Maker' created successfully with SKU: COFFEE-001 
[2025-08-26T15:31:12.756Z] [ERROR] Error al obtener carrito {"error":"no existe la columna Cart.userId","userId":1,"stack":"Error\n    at Query.run (C:\\Users\\lloyd\\Desktop\\tienda\\backend-express\\node_modules\\sequelize\\lib\\dialects\\postgres\\query.js:50:25)\n    at C:\\Users\\lloyd\\Desktop\\tienda\\backend-express\\node_modules\\sequelize\\lib\\sequelize.js:315:28\n    at process.processTicksAndRejections (node:internal/process/task_queues:95:5)\n    at async PostgresQueryInterface.select (C:\\Users\\lloyd\\Desktop\\tienda\\backend-express\\node_modules\\sequelize\\lib\\dialects\\abstract\\query-interface.js:407:12)\n    at async Cart.findAll (C:\\Users\\lloyd\\Desktop\\tienda\\backend-express\\node_modules\\sequelize\\lib\\model.js:1140:21)\n    at async Cart.findOne (C:\\Users\\lloyd\\Desktop\\tienda\\backend-express\\node_modules\\sequelize\\lib\\model.js:1240:12)\n    at async Cart.findOrCreate (C:\\Users\\lloyd\\Desktop\\tienda\\backend-express\\node_modules\\sequelize\\lib\\model.js:1411:21)\n    at async getCart (C:\\Users\\lloyd\\Desktop\\tienda\\backend-express\\src\\controllers\\cartController.js:12:29)"}
[2025-08-26T15:31:12.816Z] [ERROR] Error al obtener carrito {"error":"no existe la columna Cart.userId","userId":1,"stack":"Error\n    at Query.run (C:\\Users\\lloyd\\Desktop\\tienda\\backend-express\\node_modules\\sequelize\\lib\\dialects\\postgres\\query.js:50:25)\n    at C:\\Users\\lloyd\\Desktop\\tienda\\backend-express\\node_modules\\sequelize\\lib\\sequelize.js:315:28\n    at process.processTicksAndRejections (node:internal/process/task_queues:95:5)\n    at async PostgresQueryInterface.select (C:\\Users\\lloyd\\Desktop\\tienda\\backend-express\\node_modules\\sequelize\\lib\\dialects\\abstract\\query-interface.js:407:12)\n    at async Cart.findAll (C:\\Users\\lloyd\\Desktop\\tienda\\backend-express\\node_modules\\sequelize\\lib\\model.js:1140:21)\n    at async Cart.findOne (C:\\Users\\lloyd\\Desktop\\tienda\\backend-express\\node_modules\\sequelize\\lib\\model.js:1240:12)\n    at async Cart.findOrCreate (C:\\Users\\lloyd\\Desktop\\tienda\\backend-express\\node_modules\\sequelize\\lib\\model.js:1411:21)\n    at async getCart (C:\\Users\\lloyd\\Desktop\\tienda\\backend-express\\src\\controllers\\cartController.js:12:29)"}
[2025-08-26T15:31:12.878Z] [ERROR] Error al obtener carrito {"error":"no existe la columna Cart.userId","userId":1,"stack":"Error\n    at Query.run (C:\\Users\\lloyd\\Desktop\\tienda\\backend-express\\node_modules\\sequelize\\lib\\dialects\\postgres\\query.js:50:25)\n    at C:\\Users\\lloyd\\Desktop\\tienda\\backend-express\\node_modules\\sequelize\\lib\\sequelize.js:315:28\n    at process.processTicksAndRejections (node:internal/process/task_queues:95:5)\n    at async PostgresQueryInterface.select (C:\\Users\\lloyd\\Desktop\\tienda\\backend-express\\node_modules\\sequelize\\lib\\dialects\\abstract\\query-interface.js:407:12)\n    at async Cart.findAll (C:\\Users\\lloyd\\Desktop\\tienda\\backend-express\\node_modules\\sequelize\\lib\\model.js:1140:21)\n    at async Cart.findOne (C:\\Users\\lloyd\\Desktop\\tienda\\backend-express\\node_modules\\sequelize\\lib\\model.js:1240:12)\n    at async Cart.findOrCreate (C:\\Users\\lloyd\\Desktop\\tienda\\backend-express\\node_modules\\sequelize\\lib\\model.js:1411:21)\n    at async getCart (C:\\Users\\lloyd\\Desktop\\tienda\\backend-express\\src\\controllers\\cartController.js:12:29)"}
[2025-08-26T15:31:12.945Z] [ERROR] Error al obtener carrito {"error":"no existe la columna Cart.userId","userId":1,"stack":"Error\n    at Query.run (C:\\Users\\lloyd\\Desktop\\tienda\\backend-express\\node_modules\\sequelize\\lib\\dialects\\postgres\\query.js:50:25)\n    at C:\\Users\\lloyd\\Desktop\\tienda\\backend-express\\node_modules\\sequelize\\lib\\sequelize.js:315:28\n    at process.processTicksAndRejections (node:internal/process/task_queues:95:5)\n    at async PostgresQueryInterface.select (C:\\Users\\lloyd\\Desktop\\tienda\\backend-express\\node_modules\\sequelize\\lib\\dialects\\abstract\\query-interface.js:407:12)\n    at async Cart.findAll (C:\\Users\\lloyd\\Desktop\\tienda\\backend-express\\node_modules\\sequelize\\lib\\model.js:1140:21)\n    at async Cart.findOne (C:\\Users\\lloyd\\Desktop\\tienda\\backend-express\\node_modules\\sequelize\\lib\\model.js:1240:12)\n    at async Cart.findOrCreate (C:\\Users\\lloyd\\Desktop\\tienda\\backend-express\\node_modules\\sequelize\\lib\\model.js:1411:21)\n    at async getCart (C:\\Users\\lloyd\\Desktop\\tienda\\backend-express\\src\\controllers\\cartController.js:12:29)"}
[2025-08-26T15:31:13.062Z] [ERROR] Error al obtener carrito {"error":"no existe la columna Cart.userId","userId":1,"stack":"Error\n    at Query.run (C:\\Users\\lloyd\\Desktop\\tienda\\backend-express\\node_modules\\sequelize\\lib\\dialects\\postgres\\query.js:50:25)\n    at C:\\Users\\lloyd\\Desktop\\tienda\\backend-express\\node_modules\\sequelize\\lib\\sequelize.js:315:28\n    at process.processTicksAndRejections (node:internal/process/task_queues:95:5)\n    at async PostgresQueryInterface.select (C:\\Users\\lloyd\\Desktop\\tienda\\backend-express\\node_modules\\sequelize\\lib\\dialects\\abstract\\query-interface.js:407:12)\n    at async Cart.findAll (C:\\Users\\lloyd\\Desktop\\tienda\\backend-express\\node_modules\\sequelize\\lib\\model.js:1140:21)\n    at async Cart.findOne (C:\\Users\\lloyd\\Desktop\\tienda\\backend-express\\node_modules\\sequelize\\lib\\model.js:1240:12)\n    at async Cart.findOrCreate (C:\\Users\\lloyd\\Desktop\\tienda\\backend-express\\node_modules\\sequelize\\lib\\model.js:1411:21)\n    at async getCart (C:\\Users\\lloyd\\Desktop\\tienda\\backend-express\\src\\controllers\\cartController.js:12:29)"}
[2025-08-26T15:31:13.274Z] [ERROR] Error al obtener carrito {"error":"no existe la columna Cart.userId","userId":1,"stack":"Error\n    at Query.run (C:\\Users\\lloyd\\Desktop\\tienda\\backend-express\\node_modules\\sequelize\\lib\\dialects\\postgres\\query.js:50:25)\n    at C:\\Users\\lloyd\\Desktop\\tienda\\backend-express\\node_modules\\sequelize\\lib\\sequelize.js:315:28\n    at process.processTicksAndRejections (node:internal/process/task_queues:95:5)\n    at async PostgresQueryInterface.select (C:\\Users\\lloyd\\Desktop\\tienda\\backend-express\\node_modules\\sequelize\\lib\\dialects\\abstract\\query-interface.js:407:12)\n    at async Cart.findAll (C:\\Users\\lloyd\\Desktop\\tienda\\backend-express\\node_modules\\sequelize\\lib\\model.js:1140:21)\n    at async Cart.findOne (C:\\Users\\lloyd\\Desktop\\tienda\\backend-express\\node_modules\\sequelize\\lib\\model.js:1240:12)\n    at async Cart.findOrCreate (C:\\Users\\lloyd\\Desktop\\tienda\\backend-express\\node_modules\\sequelize\\lib\\model.js:1411:21)\n    at async getCart (C:\\Users\\lloyd\\Desktop\\tienda\\backend-express\\src\\controllers\\cartController.js:12:29)"}
[2025-08-26T15:33:48.336Z] [ERROR] Error al obtener carrito {"error":"no existe la columna Cart.userId","userId":1,"stack":"Error\n    at Query.run (C:\\Users\\lloyd\\Desktop\\tienda\\backend-express\\node_modules\\sequelize\\lib\\dialects\\postgres\\query.js:50:25)\n    at C:\\Users\\lloyd\\Desktop\\tienda\\backend-express\\node_modules\\sequelize\\lib\\sequelize.js:315:28\n    at process.processTicksAndRejections (node:internal/process/task_queues:95:5)\n    at async PostgresQueryInterface.select (C:\\Users\\lloyd\\Desktop\\tienda\\backend-express\\node_modules\\sequelize\\lib\\dialects\\abstract\\query-interface.js:407:12)\n    at async Cart.findAll (C:\\Users\\lloyd\\Desktop\\tienda\\backend-express\\node_modules\\sequelize\\lib\\model.js:1140:21)\n    at async Cart.findOne (C:\\Users\\lloyd\\Desktop\\tienda\\backend-express\\node_modules\\sequelize\\lib\\model.js:1240:12)\n    at async Cart.findOrCreate (C:\\Users\\lloyd\\Desktop\\tienda\\backend-express\\node_modules\\sequelize\\lib\\model.js:1411:21)\n    at async getCart (C:\\Users\\lloyd\\Desktop\\tienda\\backend-express\\src\\controllers\\cartController.js:12:29)"}
[2025-08-26T15:33:48.385Z] [ERROR] Error al obtener carrito {"error":"no existe la columna Cart.userId","userId":1,"stack":"Error\n    at Query.run (C:\\Users\\lloyd\\Desktop\\tienda\\backend-express\\node_modules\\sequelize\\lib\\dialects\\postgres\\query.js:50:25)\n    at C:\\Users\\lloyd\\Desktop\\tienda\\backend-express\\node_modules\\sequelize\\lib\\sequelize.js:315:28\n    at process.processTicksAndRejections (node:internal/process/task_queues:95:5)\n    at async PostgresQueryInterface.select (C:\\Users\\lloyd\\Desktop\\tienda\\backend-express\\node_modules\\sequelize\\lib\\dialects\\abstract\\query-interface.js:407:12)\n    at async Cart.findAll (C:\\Users\\lloyd\\Desktop\\tienda\\backend-express\\node_modules\\sequelize\\lib\\model.js:1140:21)\n    at async Cart.findOne (C:\\Users\\lloyd\\Desktop\\tienda\\backend-express\\node_modules\\sequelize\\lib\\model.js:1240:12)\n    at async Cart.findOrCreate (C:\\Users\\lloyd\\Desktop\\tienda\\backend-express\\node_modules\\sequelize\\lib\\model.js:1411:21)\n    at async getCart (C:\\Users\\lloyd\\Desktop\\tienda\\backend-express\\src\\controllers\\cartController.js:12:29)"}
[2025-08-26T15:33:48.584Z] [ERROR] Error al obtener carrito {"error":"no existe la columna Cart.userId","userId":1,"stack":"Error\n    at Query.run (C:\\Users\\lloyd\\Desktop\\tienda\\backend-express\\node_modules\\sequelize\\lib\\dialects\\postgres\\query.js:50:25)\n    at C:\\Users\\lloyd\\Desktop\\tienda\\backend-express\\node_modules\\sequelize\\lib\\sequelize.js:315:28\n    at process.processTicksAndRejections (node:internal/process/task_queues:95:5)\n    at async PostgresQueryInterface.select (C:\\Users\\lloyd\\Desktop\\tienda\\backend-express\\node_modules\\sequelize\\lib\\dialects\\abstract\\query-interface.js:407:12)\n    at async Cart.findAll (C:\\Users\\lloyd\\Desktop\\tienda\\backend-express\\node_modules\\sequelize\\lib\\model.js:1140:21)\n    at async Cart.findOne (C:\\Users\\lloyd\\Desktop\\tienda\\backend-express\\node_modules\\sequelize\\lib\\model.js:1240:12)\n    at async Cart.findOrCreate (C:\\Users\\lloyd\\Desktop\\tienda\\backend-express\\node_modules\\sequelize\\lib\\model.js:1411:21)\n    at async getCart (C:\\Users\\lloyd\\Desktop\\tienda\\backend-express\\src\\controllers\\cartController.js:12:29)"}
[2025-08-26T15:33:48.665Z] [ERROR] Error al obtener carrito {"error":"no existe la columna Cart.userId","userId":1,"stack":"Error\n    at Query.run (C:\\Users\\lloyd\\Desktop\\tienda\\backend-express\\node_modules\\sequelize\\lib\\dialects\\postgres\\query.js:50:25)\n    at C:\\Users\\lloyd\\Desktop\\tienda\\backend-express\\node_modules\\sequelize\\lib\\sequelize.js:315:28\n    at process.processTicksAndRejections (node:internal/process/task_queues:95:5)\n    at async PostgresQueryInterface.select (C:\\Users\\lloyd\\Desktop\\tienda\\backend-express\\node_modules\\sequelize\\lib\\dialects\\abstract\\query-interface.js:407:12)\n    at async Cart.findAll (C:\\Users\\lloyd\\Desktop\\tienda\\backend-express\\node_modules\\sequelize\\lib\\model.js:1140:21)\n    at async Cart.findOne (C:\\Users\\lloyd\\Desktop\\tienda\\backend-express\\node_modules\\sequelize\\lib\\model.js:1240:12)\n    at async Cart.findOrCreate (C:\\Users\\lloyd\\Desktop\\tienda\\backend-express\\node_modules\\sequelize\\lib\\model.js:1411:21)\n    at async getCart (C:\\Users\\lloyd\\Desktop\\tienda\\backend-express\\src\\controllers\\cartController.js:12:29)"}
[2025-08-26T15:33:48.710Z] [ERROR] Error al obtener carrito {"error":"no existe la columna Cart.userId","userId":1,"stack":"Error\n    at Query.run (C:\\Users\\lloyd\\Desktop\\tienda\\backend-express\\node_modules\\sequelize\\lib\\dialects\\postgres\\query.js:50:25)\n    at C:\\Users\\lloyd\\Desktop\\tienda\\backend-express\\node_modules\\sequelize\\lib\\sequelize.js:315:28\n    at process.processTicksAndRejections (node:internal/process/task_queues:95:5)\n    at async PostgresQueryInterface.select (C:\\Users\\lloyd\\Desktop\\tienda\\backend-express\\node_modules\\sequelize\\lib\\dialects\\abstract\\query-interface.js:407:12)\n    at async Cart.findAll (C:\\Users\\lloyd\\Desktop\\tienda\\backend-express\\node_modules\\sequelize\\lib\\model.js:1140:21)\n    at async Cart.findOne (C:\\Users\\lloyd\\Desktop\\tienda\\backend-express\\node_modules\\sequelize\\lib\\model.js:1240:12)\n    at async Cart.findOrCreate (C:\\Users\\lloyd\\Desktop\\tienda\\backend-express\\node_modules\\sequelize\\lib\\model.js:1411:21)\n    at async getCart (C:\\Users\\lloyd\\Desktop\\tienda\\backend-express\\src\\controllers\\cartController.js:12:29)"}
[2025-08-26T15:33:48.761Z] [ERROR] Error al obtener carrito {"error":"no existe la columna Cart.userId","userId":1,"stack":"Error\n    at Query.run (C:\\Users\\lloyd\\Desktop\\tienda\\backend-express\\node_modules\\sequelize\\lib\\dialects\\postgres\\query.js:50:25)\n    at C:\\Users\\lloyd\\Desktop\\tienda\\backend-express\\node_modules\\sequelize\\lib\\sequelize.js:315:28\n    at process.processTicksAndRejections (node:internal/process/task_queues:95:5)\n    at async PostgresQueryInterface.select (C:\\Users\\lloyd\\Desktop\\tienda\\backend-express\\node_modules\\sequelize\\lib\\dialects\\abstract\\query-interface.js:407:12)\n    at async Cart.findAll (C:\\Users\\lloyd\\Desktop\\tienda\\backend-express\\node_modules\\sequelize\\lib\\model.js:1140:21)\n    at async Cart.findOne (C:\\Users\\lloyd\\Desktop\\tienda\\backend-express\\node_modules\\sequelize\\lib\\model.js:1240:12)\n    at async Cart.findOrCreate (C:\\Users\\lloyd\\Desktop\\tienda\\backend-express\\node_modules\\sequelize\\lib\\model.js:1411:21)\n    at async getCart (C:\\Users\\lloyd\\Desktop\\tienda\\backend-express\\src\\controllers\\cartController.js:12:29)"}
[2025-08-26T15:34:23.717Z] [ERROR] Error al añadir al carrito {"error":"no existe la columna Cart.userId","userId":1,"productId":6,"stack":"Error\n    at Query.run (C:\\Users\\lloyd\\Desktop\\tienda\\backend-express\\node_modules\\sequelize\\lib\\dialects\\postgres\\query.js:50:25)\n    at C:\\Users\\lloyd\\Desktop\\tienda\\backend-express\\node_modules\\sequelize\\lib\\sequelize.js:315:28\n    at process.processTicksAndRejections (node:internal/process/task_queues:95:5)\n    at async PostgresQueryInterface.select (C:\\Users\\lloyd\\Desktop\\tienda\\backend-express\\node_modules\\sequelize\\lib\\dialects\\abstract\\query-interface.js:407:12)\n    at async Cart.findAll (C:\\Users\\lloyd\\Desktop\\tienda\\backend-express\\node_modules\\sequelize\\lib\\model.js:1140:21)\n    at async Cart.findOne (C:\\Users\\lloyd\\Desktop\\tienda\\backend-express\\node_modules\\sequelize\\lib\\model.js:1240:12)\n    at async Cart.findOrCreate (C:\\Users\\lloyd\\Desktop\\tienda\\backend-express\\node_modules\\sequelize\\lib\\model.js:1411:21)\n    at async addToCart (C:\\Users\\lloyd\\Desktop\\tienda\\backend-express\\src\\controllers\\cartController.js:71:20)"}
[2025-08-26T20:42:01.370Z] [INFO] Database synchronized 
[2025-08-26T20:42:01.528Z] [INFO] Admin user created successfully 
[2025-08-26T20:42:01.552Z] [INFO] Category 'Electronics' created successfully 
[2025-08-26T20:42:01.572Z] [INFO] Category 'Books' created successfully 
[2025-08-26T20:42:01.563Z] [INFO] Category 'Clothing' created successfully 
[2025-08-26T20:42:01.584Z] [INFO] Category 'Home & Kitchen' created successfully 
[2025-08-26T20:42:01.596Z] [INFO] Category 'Sports & Outdoors' created successfully 
[2025-08-26T20:42:01.634Z] [INFO] Product 'Smartphone X' created successfully with SKU: SPHONE-001 
[2025-08-26T20:42:01.658Z] [INFO] Product 'Wireless Headphones' created successfully with SKU: HEAD-001 
[2025-08-26T20:42:01.647Z] [INFO] Product 'Laptop Pro' created successfully with SKU: LAPTOP-001 
[2025-08-26T20:42:01.672Z] [INFO] Product 'Men's T-Shirt' created successfully with SKU: TSHIRT-M-001 
[2025-08-26T20:42:01.690Z] [INFO] Product 'Women's Jeans' created successfully with SKU: JEANS-W-001 
[2025-08-26T20:42:01.721Z] [INFO] Product 'Coffee Maker' created successfully with SKU: COFFEE-001 
[2025-08-26T20:42:01.708Z] [INFO] Product 'Programming Guide' created successfully with SKU: BOOK-PROG-001 
[2025-08-28T23:25:03.848Z] [INFO] Database synchronized 
[2025-08-28T23:25:03.993Z] [INFO] Admin user created successfully 
[2025-08-28T23:25:04.017Z] [INFO] Category 'Electronics' created successfully 
[2025-08-28T23:25:04.026Z] [INFO] Category 'Clothing' created successfully 
[2025-08-28T23:25:04.034Z] [INFO] Category 'Books' created successfully 
[2025-08-28T23:25:04.044Z] [INFO] Category 'Home & Kitchen' created successfully 
[2025-08-28T23:25:04.052Z] [INFO] Category 'Sports & Outdoors' created successfully 
[2025-08-28T23:25:04.079Z] [INFO] Product 'Smartphone X' created successfully with SKU: SPHONE-001 
[2025-08-28T23:25:04.101Z] [INFO] Product 'Wireless Headphones' created successfully with SKU: HEAD-001 
[2025-08-28T23:25:04.092Z] [INFO] Product 'Laptop Pro' created successfully with SKU: LAPTOP-001 
[2025-08-28T23:25:04.134Z] [INFO] Product 'Men's T-Shirt' created successfully with SKU: TSHIRT-M-001 
[2025-08-28T23:25:04.177Z] [INFO] Product 'Women's Jeans' created successfully with SKU: JEANS-W-001 
[2025-08-28T23:25:04.219Z] [INFO] Product 'Programming Guide' created successfully with SKU: BOOK-PROG-001 
[2025-08-28T23:25:04.244Z] [INFO] Product 'Coffee Maker' created successfully with SKU: COFFEE-001 
[2025-08-28T23:25:04.301Z] [INFO] Product 'Yoga Mat' created successfully with SKU: YOGA-MAT-001 
